#
# A fatal error has been detected by the Java Runtime Environment:
#
#  Internal Error (javaCalls.cpp:51), pid=2892, tid=0x0000000000003db4
#  guarantee(thread->is_Java_thread()) failed: crucial check - the VM thread cannot and must not escape to Java code
#
# JRE version: Java(TM) SE Runtime Environment (8.0_241-b07) (build 1.8.0_241-b07)
# Java VM: Java HotSpot(TM) 64-Bit Server VM (25.241-b07 mixed mode windows-amd64 compressed oops)
# Failed to write core dump. Minidumps are not enabled by default on client versions of Windows
#
# If you would like to submit a bug report, please visit:
#   http://bugreport.java.com/bugreport/crash.jsp
#

---------------  T H R E A D  ---------------

Current thread (0x00000000217c7800):  VMThread [stack: 0x0000000023f00000,0x0000000024000000] [id=15796]

Stack: [0x0000000023f00000,0x0000000024000000]
[error occurred during error reporting (printing stack bounds), id 0xc0000005]

Native frames: (J=compiled Java code, j=interpreted, Vv=VM code, C=native code)

VM_Operation (0x000000002460f2d0): GetOrSetLocal, mode: safepoint, requested by thread 0x0000000022eb5000


---------------  P R O C E S S  ---------------

Java Threads: ( => current thread )
  0x00000000230ae800 JavaThread "Service Thread" daemon [_thread_blocked, id=3316, stack(0x0000000024c10000,0x0000000024d10000)]
  0x0000000023013800 JavaThread "C1 CompilerThread3" daemon [_thread_blocked, id=10584, stack(0x0000000024b10000,0x0000000024c10000)]
  0x0000000023012800 JavaThread "C2 CompilerThread2" daemon [_thread_blocked, id=16044, stack(0x0000000024a10000,0x0000000024b10000)]
  0x0000000023010000 JavaThread "C2 CompilerThread1" daemon [_thread_blocked, id=6952, stack(0x0000000024910000,0x0000000024a10000)]
  0x000000002300f000 JavaThread "C2 CompilerThread0" daemon [_thread_blocked, id=2568, stack(0x0000000024810000,0x0000000024910000)]
  0x0000000022ec6800 JavaThread "JDWP Command Reader" daemon [_thread_in_native, id=15292, stack(0x0000000024710000,0x0000000024810000)]
  0x0000000022ec3000 JavaThread "JDWP Event Helper Thread" daemon [_thread_blocked, id=4880, stack(0x0000000024610000,0x0000000024710000)]
  0x0000000022eb5000 JavaThread "JDWP Transport Listener: dt_socket" daemon [_thread_blocked, id=1648, stack(0x0000000024510000,0x0000000024610000)]
  0x0000000022eb0000 JavaThread "Attach Listener" daemon [_thread_blocked, id=7048, stack(0x0000000024410000,0x0000000024510000)]
  0x0000000022ead800 JavaThread "Signal Dispatcher" daemon [_thread_blocked, id=9520, stack(0x0000000024310000,0x0000000024410000)]
  0x0000000002f8d000 JavaThread "Finalizer" daemon [_thread_blocked, id=13896, stack(0x0000000024100000,0x0000000024200000)]
  0x0000000022e93000 JavaThread "Reference Handler" daemon [_thread_blocked, id=1640, stack(0x0000000024000000,0x0000000024100000)]
  0x0000000002e93800 JavaThread "main" [_thread_blocked, id=15840, stack(0x0000000002c90000,0x0000000002d90000)]

Other Threads:
=>0x00000000217c7800 VMThread [stack: 0x0000000023f00000,0x0000000024000000] [id=15796]
  0x00000000230fd800 WatcherThread [stack: 0x0000000024d10000,0x0000000024e10000] [id=12220]

VM state:at safepoint (normal execution)

VM Mutex/Monitor currently owned by a thread:  ([mutex/lock_event])
[0x0000000002e906d0] Threads_lock - owner thread: 0x00000000217c7800

heap address: 0x0000000640000000, size: 6144 MB, Compressed Oops mode: Zero based, Oop shift amount: 3
Narrow klass base: 0x0000000000000000, Narrow klass shift: 3
Compressed class space size: 1073741824 Address: 0x00000007c0000000

Heap:
 PSYoungGen      total 114688K, used 29501K [0x0000000740000000, 0x0000000748000000, 0x00000007c0000000)
  eden space 98304K, 30% used [0x0000000740000000,0x0000000741ccf688,0x0000000746000000)
  from space 16384K, 0% used [0x0000000747000000,0x0000000747000000,0x0000000748000000)
  to   space 16384K, 0% used [0x0000000746000000,0x0000000746000000,0x0000000747000000)
 ParOldGen       total 262144K, used 0K [0x0000000640000000, 0x0000000650000000, 0x0000000740000000)
  object space 262144K, 0% used [0x0000000640000000,0x0000000640000000,0x0000000650000000)
 Metaspace       used 8132K, capacity 9004K, committed 9216K, reserved 1056768K
  class space    used 1042K, capacity 1222K, committed 1280K, reserved 1048576K

Card table byte_map: [0x0000000012350000,0x0000000012f60000] byte_map_base: 0x000000000f150000

Marking Bits: (ParMarkBitMap*) 0x0000000061cebe30
 Begin Bits: [0x0000000014160000, 0x000000001a160000)
 End Bits:   [0x000000001a160000, 0x0000000020160000)

Polling page: 0x0000000002aa0000

CodeCache: size=245760Kb used=3433Kb max_used=3445Kb free=242326Kb
 bounds [0x0000000002f90000, 0x00000000032f0000, 0x0000000011f90000]
 total_blobs=1164 nmethods=862 adapters=224
 compilation: enabled

Compilation events (10 events):
Event: 1.678 Thread 0x0000000023013800 nmethod 859 0x00000000032e8310 code [0x00000000032e85c0, 0x00000000032e9918]
Event: 1.678 Thread 0x0000000023013800  856       3       java.lang.String::toString (2 bytes)
Event: 1.678 Thread 0x0000000023013800 nmethod 856 0x00000000032e6350 code [0x00000000032e64a0, 0x00000000032e65f0]
Event: 1.678 Thread 0x0000000023013800  861       3       java.lang.reflect.Constructor::setConstructorAccessor (21 bytes)
Event: 1.678 Thread 0x0000000023013800 nmethod 861 0x00000000032e5cd0 code [0x00000000032e5e40, 0x00000000032e6208]
Event: 1.678 Thread 0x0000000023013800  860       1       java.lang.reflect.Constructor::getConstructorAccessor (5 bytes)
Event: 1.678 Thread 0x0000000023013800 nmethod 860 0x00000000032e5a10 code [0x00000000032e5b60, 0x00000000032e5c70]
Event: 1.679 Thread 0x0000000023013800  862       3       jdk.internal.org.objectweb.asm.AnnotationWriter::put (109 bytes)
Event: 1.679 Thread 0x0000000023013800 nmethod 862 0x00000000032ea550 code [0x00000000032ea700, 0x00000000032eabd8]
Event: 1.682 Thread 0x000000002300f000 nmethod 858 0x00000000032ee010 code [0x00000000032ee160, 0x00000000032ee6f8]

GC Heap History (0 events):
No events

Deoptimization events (0 events):
No events

Classes redefined (6 events):
Event: 99.528 Thread 0x00000000217c7800 redefined class name=com.luxoft.javabdd.bank.BankTest, count=1
Event: 115.718 Thread 0x00000000217c7800 redefined class name=com.luxoft.javabdd.bank.BankTest, count=2
Event: 1704.387 Thread 0x00000000217c7800 redefined class name=com.luxoft.javabdd.bank.BankTest, count=3
Event: 2159.450 Thread 0x00000000217c7800 redefined class name=com.luxoft.javabdd.bank.BankTest, count=4
Event: 2184.784 Thread 0x00000000217c7800 redefined class name=com.luxoft.javabdd.bank.BankTest, count=5
Event: 2209.182 Thread 0x00000000217c7800 redefined class name=com.luxoft.javabdd.bank.BankTest, count=6

Internal exceptions (10 events):
Event: 0.993 Thread 0x0000000002e93800 Exception <a 'java/security/PrivilegedActionException'> (0x0000000740967808) thrown at [C:\ade\jenkins\workspace\8-2-build-windows-amd64-cygwin\jdk8u241\331\hotspot\src\share\vm\prims\jvm.cpp, line 1502]
Event: 1.262 Thread 0x0000000002e93800 Exception <a 'java/lang/NoSuchMethodError': java.lang.Object.lambda$or$2(Ljava/util/function/Predicate;Ljava/lang/Object;)Z> (0x0000000740f64ed8) thrown at [C:\ade\jenkins\workspace\8-2-build-windows-amd64-cygwin\jdk8u241\331\hotspot\src\share\vm\interpre
Event: 1.336 Thread 0x0000000002e93800 Exception <a 'java/lang/IncompatibleClassChangeError': Found class java.lang.Object, but interface was expected> (0x0000000741134358) thrown at [C:\ade\jenkins\workspace\8-2-build-windows-amd64-cygwin\jdk8u241\331\hotspot\src\share\vm\interpreter\linkReso
Event: 1.386 Thread 0x0000000002e93800 Exception <a 'java/lang/NoSuchMethodError': java.lang.Object.lambda$andThen$1(Ljava/util/function/Function;Ljava/lang/Object;)Ljava/lang/Object;> (0x000000074127e860) thrown at [C:\ade\jenkins\workspace\8-2-build-windows-amd64-cygwin\jdk8u241\331\hotspot\
Event: 1.414 Thread 0x0000000002e93800 Exception <a 'java/lang/NoSuchMethodError': java.lang.Object.lambda$accept$0(Lorg/junit/platform/engine/TestDescriptor$Visitor;Lorg/junit/platform/engine/TestDescriptor;)V> (0x00000007413580c8) thrown at [C:\ade\jenkins\workspace\8-2-build-windows-amd64-c
Event: 1.416 Thread 0x0000000002e93800 Exception <a 'java/lang/IncompatibleClassChangeError': Found class java.lang.Object, but interface was expected> (0x000000074136b958) thrown at [C:\ade\jenkins\workspace\8-2-build-windows-amd64-cygwin\jdk8u241\331\hotspot\src\share\vm\interpreter\linkReso
Event: 1.417 Thread 0x0000000002e93800 Exception <a 'java/lang/NoSuchMethodError': java.lang.Object.containsTests(Lorg/junit/platform/engine/TestDescriptor;)Z> (0x0000000741375b48) thrown at [C:\ade\jenkins\workspace\8-2-build-windows-amd64-cygwin\jdk8u241\331\hotspot\src\share\vm\interpreter\
Event: 1.543 Thread 0x0000000002e93800 Exception <a 'java/lang/NoSuchMethodError': java.lang.Object.lambda$comparing$77a9974f$1(Ljava/util/function/Function;Ljava/lang/Object;Ljava/lang/Object;)I> (0x0000000741835a40) thrown at [C:\ade\jenkins\workspace\8-2-build-windows-amd64-cygwin\jdk8u241\
Event: 1.546 Thread 0x0000000002e93800 Exception <a 'java/lang/NoSuchMethodError': java.lang.Object.lambda$thenComparing$36697e65$1(Ljava/util/Comparator;Ljava/lang/Object;Ljava/lang/Object;)I> (0x0000000741853ac0) thrown at [C:\ade\jenkins\workspace\8-2-build-windows-amd64-cygwin\jdk8u241\331
Event: 1.620 Thread 0x0000000002e93800 Exception <a 'java/lang/NoSuchMethodError': java.lang.Object.lambda$and$0(Ljava/util/function/Predicate;Ljava/lang/Object;)Z> (0x0000000741abf338) thrown at [C:\ade\jenkins\workspace\8-2-build-windows-amd64-cygwin\jdk8u241\331\hotspot\src\share\vm\interpr

Events (10 events):
Event: 2209.352 Executing VM operation: GetOrSetLocal done
Event: 2209.748 Executing VM operation: ChangeBreakpoints
Event: 2209.748 Executing VM operation: ChangeBreakpoints done
Event: 2210.871 Executing VM operation: ChangeBreakpoints
Event: 2210.872 Executing VM operation: ChangeBreakpoints done
Event: 2219.206 Executing VM operation: ChangeBreakpoints
Event: 2219.206 Executing VM operation: ChangeBreakpoints done
Event: 2219.222 Executing VM operation: ChangeBreakpoints
Event: 2219.222 Executing VM operation: ChangeBreakpoints done
Event: 2219.235 Executing VM operation: GetOrSetLocal


Dynamic libraries:
0x00007ff774920000 - 0x00007ff774957000 	C:\Program Files\Java\jdk1.8.0_241\bin\java.exe
0x00007ff8e7040000 - 0x00007ff8e7230000 	C:\WINDOWS\SYSTEM32\ntdll.dll
0x00007ff8ace90000 - 0x00007ff8acea3000 	C:\Program Files\AVG\Antivirus\aswhook.dll
0x00007ff8e51b0000 - 0x00007ff8e5262000 	C:\WINDOWS\System32\KERNEL32.DLL
0x00007ff8e38f0000 - 0x00007ff8e3b93000 	C:\WINDOWS\System32\KERNELBASE.dll
0x00007ff8e6c30000 - 0x00007ff8e6cd3000 	C:\WINDOWS\System32\ADVAPI32.dll
0x00007ff8e4af0000 - 0x00007ff8e4b8e000 	C:\WINDOWS\System32\msvcrt.dll
0x00007ff8e6200000 - 0x00007ff8e6297000 	C:\WINDOWS\System32\sechost.dll
0x00007ff8e60e0000 - 0x00007ff8e6200000 	C:\WINDOWS\System32\RPCRT4.dll
0x00007ff8e6900000 - 0x00007ff8e6a94000 	C:\WINDOWS\System32\USER32.dll
0x00007ff8e3640000 - 0x00007ff8e3661000 	C:\WINDOWS\System32\win32u.dll
0x00007ff8e6ac0000 - 0x00007ff8e6ae6000 	C:\WINDOWS\System32\GDI32.dll
0x00007ff8e45c0000 - 0x00007ff8e4754000 	C:\WINDOWS\System32\gdi32full.dll
0x00007ff8e43a0000 - 0x00007ff8e443e000 	C:\WINDOWS\System32\msvcp_win.dll
0x00007ff8e3690000 - 0x00007ff8e378a000 	C:\WINDOWS\System32\ucrtbase.dll
0x00007ff8da390000 - 0x00007ff8da615000 	C:\WINDOWS\WinSxS\amd64_microsoft.windows.common-controls_6595b64144ccf1df_6.0.18362.778_none_e6c6b761130d4fb8\COMCTL32.dll
0x00007ff8e62a0000 - 0x00007ff8e65d6000 	C:\WINDOWS\System32\combase.dll
0x00007ff8e4320000 - 0x00007ff8e43a0000 	C:\WINDOWS\System32\bcryptPrimitives.dll
0x00007ff8e4760000 - 0x00007ff8e478e000 	C:\WINDOWS\System32\IMM32.DLL
0x0000000061d70000 - 0x0000000061e42000 	C:\Program Files\Java\jdk1.8.0_241\jre\bin\msvcr100.dll
0x00000000614c0000 - 0x0000000061d6c000 	C:\Program Files\Java\jdk1.8.0_241\jre\bin\server\jvm.dll
0x00007ff8e5e60000 - 0x00007ff8e5e68000 	C:\WINDOWS\System32\PSAPI.DLL
0x00007ff8d35b0000 - 0x00007ff8d35b9000 	C:\WINDOWS\SYSTEM32\WSOCK32.dll
0x00007ff8e5270000 - 0x00007ff8e52df000 	C:\WINDOWS\System32\WS2_32.dll
0x00007ff8dd420000 - 0x00007ff8dd444000 	C:\WINDOWS\SYSTEM32\WINMM.dll
0x00007ff8e2050000 - 0x00007ff8e205a000 	C:\WINDOWS\SYSTEM32\VERSION.dll
0x00007ff8dc8e0000 - 0x00007ff8dc90d000 	C:\WINDOWS\SYSTEM32\WINMMBASE.dll
0x00007ff8e38a0000 - 0x00007ff8e38ea000 	C:\WINDOWS\System32\cfgmgr32.dll
0x00007ff8e2070000 - 0x00007ff8e207f000 	C:\Program Files\Java\jdk1.8.0_241\jre\bin\verify.dll
0x00007ff8bc800000 - 0x00007ff8bc829000 	C:\Program Files\Java\jdk1.8.0_241\jre\bin\java.dll
0x00007ff8d4760000 - 0x00007ff8d4795000 	C:\Program Files\Java\jdk1.8.0_241\jre\bin\jdwp.dll
0x00007ff8dd0c0000 - 0x00007ff8dd0c8000 	C:\Program Files\Java\jdk1.8.0_241\jre\bin\npt.dll
0x00007ff8d4730000 - 0x00007ff8d4753000 	C:\Program Files\Java\jdk1.8.0_241\jre\bin\instrument.dll
0x00007ff8bc7e0000 - 0x00007ff8bc7f6000 	C:\Program Files\Java\jdk1.8.0_241\jre\bin\zip.dll
0x00007ff8e52e0000 - 0x00007ff8e59c5000 	C:\WINDOWS\System32\SHELL32.dll
0x00007ff8e6030000 - 0x00007ff8e60d9000 	C:\WINDOWS\System32\shcore.dll
0x00007ff8e3ba0000 - 0x00007ff8e4320000 	C:\WINDOWS\System32\windows.storage.dll
0x00007ff8e35a0000 - 0x00007ff8e35c3000 	C:\WINDOWS\System32\profapi.dll
0x00007ff8e35f0000 - 0x00007ff8e363a000 	C:\WINDOWS\System32\powrprof.dll
0x00007ff8e3570000 - 0x00007ff8e3580000 	C:\WINDOWS\System32\UMPDC.dll
0x00007ff8e4ba0000 - 0x00007ff8e4bf2000 	C:\WINDOWS\System32\shlwapi.dll
0x00007ff8e3580000 - 0x00007ff8e3591000 	C:\WINDOWS\System32\kernel.appcore.dll
0x00007ff8e3670000 - 0x00007ff8e3687000 	C:\WINDOWS\System32\cryptsp.dll
0x00007ff8d46c0000 - 0x00007ff8d46c9000 	C:\Program Files\Java\jdk1.8.0_241\jre\bin\dt_socket.dll
0x00007ff8e2d90000 - 0x00007ff8e2df7000 	C:\WINDOWS\system32\mswsock.dll

VM Arguments:
jvm_args: -agentlib:jdwp=transport=dt_socket,address=127.0.0.1:54548,suspend=y,server=n -Didea.test.cyclic.buffer.size=1048576 -javaagent:C:\Users\mm\.IntelliJIdea2019.3\system\captureAgent\debugger-agent.jar -Dfile.encoding=UTF-8 
java_command: com.intellij.rt.junit.JUnitStarter -ideVersion5 -junit5 com.luxoft.javabdd.bank.BankTest,clientCanPrintListOfCustomersOnCreditOfferList
java_class_path (initial): C:\Program Files\JetBrains\IntelliJ IDEA 2019.3.3\lib\idea_rt.jar;C:\Program Files\JetBrains\IntelliJ IDEA 2019.3.3\plugins\junit\lib\junit5-rt.jar;C:\Program Files\JetBrains\IntelliJ IDEA 2019.3.3\plugins\junit\lib\junit-rt.jar;C:\Program Files\Java\jdk1.8.0_241\jre\lib\charsets.jar;C:\Program Files\Java\jdk1.8.0_241\jre\lib\deploy.jar;C:\Program Files\Java\jdk1.8.0_241\jre\lib\ext\access-bridge-64.jar;C:\Program Files\Java\jdk1.8.0_241\jre\lib\ext\cldrdata.jar;C:\Program Files\Java\jdk1.8.0_241\jre\lib\ext\dnsns.jar;C:\Program Files\Java\jdk1.8.0_241\jre\lib\ext\jaccess.jar;C:\Program Files\Java\jdk1.8.0_241\jre\lib\ext\jfxrt.jar;C:\Program Files\Java\jdk1.8.0_241\jre\lib\ext\localedata.jar;C:\Program Files\Java\jdk1.8.0_241\jre\lib\ext\nashorn.jar;C:\Program Files\Java\jdk1.8.0_241\jre\lib\ext\sunec.jar;C:\Program Files\Java\jdk1.8.0_241\jre\lib\ext\sunjce_provider.jar;C:\Program Files\Java\jdk1.8.0_241\jre\lib\ext\sunmscapi.jar;C:\Program Files\Java\jdk1.8.0_241\jre\lib\ext\sunpkcs11.jar;C:\Program Files\Java\jdk1.8.0_241\jre\lib\ext\zipfs.jar;C:\Program Files\Java\jdk1.8.0_241\jre\lib\javaws.jar;C:\Program Files\Java\jdk1.8.0_241\jre\lib\jce.jar;C:\Program Files\Java\jdk1.8.0_241\jre\lib\jfr.jar;C:\Program Files\Java\jdk1.8.0_241\jre\lib\jfxswt.jar;C:\Program Files\Java\jdk1.8.0_241\jre\lib\jsse.jar;C:\Program Files\Java\jdk1.8.0_241\jre\lib\management-agent.jar;C:\Program Files\Java\jdk1.8.0_241\jre\lib\plugin.jar;C:\Program Files\Java\jdk1.8.0_241\jre\lib\resources.jar;C:\Program Files\Java\jdk1.8.0_241\jre\lib\rt.jar;C:\Users\mm\Documents\Programowanie\BDD training\bank_application\target\test-classes;C:\Users\mm\Documents\Programowanie\BDD training\bank_application\target\classes;C:\Users\mm\.m2\repository\org\junit\jupiter\junit-jupiter-api\5.4.2\junit-jupiter-api-5.4.2.jar;C:\Users\mm\.m2\repository\org\apiguardian\apiguardian-api\1.0.0\apiguardian-api-1.0.0.jar;C:\Users\mm\.m2\repository\org\opentest4j\opentest4j\1.1.1\opente
Launcher Type: SUN_STANDARD

Environment Variables:
JAVA_HOME=C:\Program Files\Java\jdk-13.0.2\
PATH=C:\WINDOWS\system32;C:\WINDOWS;C:\WINDOWS\System32\Wbem;C:\WINDOWS\System32\WindowsPowerShell\v1.0\;C:\WINDOWS\System32\OpenSSH\;C:\Program Files\Git\cmd;C:\Program Files\Docker\Docker\resources\bin;C:\ProgramData\DockerDesktop\version-bin;C:\Users\mm\AppData\Local\Microsoft\WindowsApps;
USERNAME=mm
OS=Windows_NT
PROCESSOR_IDENTIFIER=Intel64 Family 6 Model 44 Stepping 2, GenuineIntel



---------------  S Y S T E M  ---------------

OS: Windows 10.0 , 64 bit Build 18362 (10.0.18362.778)

CPU:total 12 (initial active 12) (6 cores per cpu, 2 threads per core) family 6 model 44 stepping 2, cmov, cx8, fxsr, mmx, sse, sse2, sse3, ssse3, sse4.1, sse4.2, popcnt, aes, clmul, ht, tsc, tscinvbit, tscinv

Memory: 4k page, physical 25163300k(15017916k free), swap 50329124k(37370220k free)

vm_info: Java HotSpot(TM) 64-Bit Server VM (25.241-b07) for windows-amd64 JRE (1.8.0_241-b07), built on Dec 11 2019 10:21:40 by "rejava" with MS VC++ 10.0 (VS2010)

time: Tue Apr 28 09:33:42 2020
timezone: Œrodkowoeuropejski czas letni
elapsed time: 2219 seconds (0d 0h 36m 59s)

